<?xml version="1.0" encoding="UTF-8"?>
<!-- Generated by org.testng.reporters.JUnitReportReporter -->
<testsuite hostname="JC_MQ" failures="0" tests="1" name="com.testrun.Runner" time="4.394" errors="0" timestamp="2024-10-20T15:40:17 EDT" skipped="0">
  <testcase classname="com.testrun.Runner" name="runScenario" time="4.394"/>
  <system-out/>
</testsuite> <!-- com.testrun.Runner -->
